TN:
SF:src/middleware/validateTokenId.ts
FN:13,(anonymous_1)
FNF:1
FNH:1
FNDA:3,(anonymous_1)
DA:2,1
DA:3,1
DA:13,1
DA:14,3
DA:15,3
DA:17,3
DA:18,1
DA:19,1
DA:20,1
DA:23,2
DA:24,2
DA:25,1
DA:26,1
DA:27,1
DA:30,1
DA:31,1
LF:16
LH:16
BRDA:17,0,0,1
BRDA:24,1,0,1
BRF:2
BRH:2
end_of_record
TN:
SF:src/middleware/withRpc.ts
FN:6,(anonymous_1)
FNF:1
FNH:1
FNDA:3,(anonymous_1)
DA:2,1
DA:3,1
DA:6,1
DA:7,3
DA:8,1
DA:9,1
DA:12,2
LF:7
LH:7
BRDA:7,0,0,1
BRF:1
BRH:1
end_of_record
TN:
SF:src/routes/api/contract.ts
FN:7,(anonymous_0)
FNF:1
FNH:1
FNDA:1,(anonymous_0)
DA:1,1
DA:3,1
DA:5,1
DA:7,1
DA:8,1
DA:14,1
DA:17,1
DA:19,1
LF:8
LH:8
BRF:0
BRH:0
end_of_record
TN:
SF:src/routes/api/image.ts
FN:8,(anonymous_1)
FNF:1
FNH:1
FNDA:2,(anonymous_1)
DA:1,1
DA:3,1
DA:4,1
DA:6,1
DA:8,1
DA:9,2
DA:17,2
DA:18,1
DA:19,1
DA:22,1
DA:23,1
DA:24,1
DA:27,1
DA:29,1
LF:14
LH:14
BRDA:17,0,0,1
BRF:1
BRH:1
end_of_record
TN:
SF:src/routes/api/metadata.ts
FN:8,(anonymous_0)
FNF:1
FNH:1
FNDA:1,(anonymous_0)
DA:1,1
DA:3,1
DA:4,1
DA:6,1
DA:8,1
DA:9,1
DA:11,1
DA:20,1
DA:21,1
DA:22,1
DA:25,1
DA:27,1
LF:12
LH:12
BRF:0
BRH:0
end_of_record
TN:
SF:src/routes/api/health/live.ts
FN:5,(anonymous_0)
FNF:1
FNH:1
FNDA:1,(anonymous_0)
DA:1,1
DA:3,1
DA:5,1
DA:6,1
DA:7,1
DA:8,1
DA:11,1
LF:7
LH:7
BRF:0
BRH:0
end_of_record
TN:
SF:src/routes/api/health/ready.ts
FN:6,(anonymous_0)
FNF:1
FNH:1
FNDA:2,(anonymous_0)
DA:1,1
DA:2,1
DA:4,1
DA:6,1
DA:7,2
DA:9,2
DA:11,2
DA:12,2
DA:13,2
DA:16,1
LF:10
LH:10
BRDA:9,0,0,1
BRDA:9,0,1,1
BRF:2
BRH:2
end_of_record
TN:
SF:src/services/healthService.ts
FN:4,(anonymous_0)
FNF:1
FNH:1
FNDA:2,(anonymous_0)
DA:2,2
DA:4,2
DA:5,2
DA:7,2
LF:4
LH:4
BRDA:12,0,0,1
BRDA:12,0,1,1
BRF:2
BRH:2
end_of_record
TN:
SF:src/services/nftService.ts
FN:11,(anonymous_0)
FN:12,(anonymous_1)
FN:15,(anonymous_2)
FNF:3
FNH:3
FNDA:4,(anonymous_0)
FNDA:4,(anonymous_1)
FNDA:4,(anonymous_2)
DA:1,3
DA:2,3
DA:4,3
DA:5,3
DA:6,3
DA:8,3
DA:9,3
DA:11,3
DA:12,4
DA:15,3
DA:16,4
DA:17,4
LF:12
LH:12
BRDA:17,0,0,4
BRDA:17,0,1,3
BRF:2
BRH:2
end_of_record
TN:
SF:src/services/rpcService.ts
FN:10,(anonymous_0)
FN:12,(anonymous_1)
FN:22,(anonymous_2)
FN:31,(anonymous_3)
FN:51,(anonymous_4)
FN:60,(anonymous_5)
FN:69,(anonymous_6)
FNF:7
FNH:7
FNDA:19,(anonymous_0)
FNDA:34,(anonymous_1)
FNDA:52,(anonymous_2)
FNDA:18,(anonymous_3)
FNDA:11,(anonymous_4)
FNDA:6,(anonymous_5)
FNDA:2,(anonymous_6)
DA:3,7
DA:4,19
DA:6,19
DA:7,19
DA:10,19
DA:13,34
DA:23,52
DA:24,52
DA:25,4
DA:28,48
DA:32,18
DA:34,18
DA:35,1
DA:38,17
DA:39,17
DA:40,17
DA:41,6
DA:42,6
DA:43,6
DA:44,6
DA:46,11
DA:47,11
DA:52,11
DA:53,11
DA:54,11
DA:55,11
DA:56,2
DA:61,6
DA:62,6
DA:63,6
DA:64,6
DA:68,7
DA:69,7
LF:33
LH:33
BRDA:10,0,0,16
BRDA:10,1,0,18
BRDA:24,2,0,4
BRDA:24,3,0,52
BRDA:24,3,1,9
BRDA:34,4,0,1
BRDA:55,5,0,2
BRF:7
BRH:7
end_of_record
